<?xml version="1.0" encoding="UTF-8"?>
<testsuite name="hello.SimpleMathTest" tests="1" skipped="0" failures="0" errors="0" timestamp="2018-04-15T04:21:53" hostname="X1Carbon" time="0.001">
  <properties/>
  <testcase name="add" classname="hello.SimpleMathTest" time="0.001"/>
  <system-out><![CDATA[]]></system-out>
  <system-err><![CDATA[]]></system-err>
</testsuite>
