<?xml version="1.0" encoding="UTF-8"?>
<testsuite name="edu.csula.storage.servlet.UsersDAOImplTest" tests="3" skipped="0" failures="0" errors="0" timestamp="2018-04-22T02:47:06" hostname="X1Carbon" time="0.424">
  <properties/>
  <testcase name="logout" classname="edu.csula.storage.servlet.UsersDAOImplTest" time="0.419"/>
  <testcase name="getAuthenticatedUser" classname="edu.csula.storage.servlet.UsersDAOImplTest" time="0.001"/>
  <testcase name="authenticate" classname="edu.csula.storage.servlet.UsersDAOImplTest" time="0.003"/>
  <system-out><![CDATA[]]></system-out>
  <system-err><![CDATA[]]></system-err>
</testsuite>
